<html>
<head>
<title>TestNG:  Default test</title>
<link href="../testng.css" rel="stylesheet" type="text/css" />
<link href="../my-testng.css" rel="stylesheet" type="text/css" />

<style type="text/css">
.log { display: none;} 
.stack-trace { display: none;} 
</style>
<script type="text/javascript">
<!--
function flip(e) {
  current = e.style.display;
  if (current == 'block') {
    e.style.display = 'none';
    return 0;
  }
  else {
    e.style.display = 'block';
    return 1;
  }
}

function toggleBox(szDivId, elem, msg1, msg2)
{
  var res = -1;  if (document.getElementById) {
    res = flip(document.getElementById(szDivId));
  }
  else if (document.all) {
    // this is the way old msie versions work
    res = flip(document.all[szDivId]);
  }
  if(elem) {
    if(res == 0) elem.innerHTML = msg1; else elem.innerHTML = msg2;
  }

}

function toggleAllBoxes() {
  if (document.getElementsByTagName) {
    d = document.getElementsByTagName('div');
    for (i = 0; i < d.length; i++) {
      if (d[i].className == 'log') {
        flip(d[i]);
      }
    }
  }
}

// -->
</script>

</head>
<body>
<h2 align='center'>Default test</h2><table border='1' align="center">
<tr>
<td>Tests passed/Failed/Skipped:</td><td>17/1/0</td>
</tr><tr>
<td>Started on:</td><td>Mon Nov 28 15:37:10 EET 2022</td>
</tr>
<tr><td>Total time:</td><td>26 seconds (26104 ms)</td>
</tr><tr>
<td>Included groups:</td><td></td>
</tr><tr>
<td>Excluded groups:</td><td></td>
</tr>
</table><p/>
<small><i>(Hover the method name to see the test class name)</i></small><p/>
<table width='100%' border='1' class='invocation-failed'>
<tr><td colspan='4' align='center'><b>FAILED TESTS</b></td></tr>
<tr><td><b>Test method</b></td>
<td><b>Attribute(s)</b></td>
<td width="30%"><b>Exception</b></td>
<td width="10%"><b>Time (seconds)</b></td>
<td><b>Instance</b></td>
</tr>
<tr>
<td title='tests.CheckOutTests.clickConfirmToOnTheOrderDetails()'><b>clickConfirmToOnTheOrderDetails</b><br>Test class: tests.CheckOutTests</td>
<td><div><pre>java.lang.IllegalArgumentException: Order may not be booked successfully please check again
	at dev.failsafe.internal.util.Assert.isTrue(Assert.java:29)
	at tests.CheckOutTests.clickConfirmToOnTheOrderDetails(CheckOutTests.java:49)
	at java.base/jdk.internal.reflect.NativeMethodAccessorImpl.invoke0(Native Method)
	at java.base/jdk.internal.reflect.NativeMethodAccessorImpl.invoke(NativeMethodAccessorImpl.java:77)
	at java.base/jdk.internal.reflect.DelegatingMethodAccessorImpl.invoke(DelegatingMethodAccessorImpl.java:43)
	at java.base/java.lang.reflect.Method.invoke(Method.java:568)
	at org.testng.internal.invokers.MethodInvocationHelper.invokeMethod(MethodInvocationHelper.java:139)
	at org.testng.internal.invokers.TestInvoker.invokeMethod(TestInvoker.java:677)
	at org.testng.internal.invokers.TestInvoker.invokeTestMethod(TestInvoker.java:221)
	at org.testng.internal.invokers.MethodRunner.runInSequence(MethodRunner.java:50)
	at org.testng.internal.invokers.TestInvoker$MethodInvocationAgent.invoke(TestInvoker.java:962)
	at org.testng.internal.invokers.TestInvoker.invokeTestMethods(TestInvoker.java:194)
	at org.testng.internal.invokers.TestMethodWorker.invokeTestMethods(TestMethodWorker.java:148)
	at org.testng.internal.invokers.TestMethodWorker.run(TestMethodWorker.java:128)
	at java.base/java.util.ArrayList.forEach(ArrayList.java:1511)
	at org.testng.TestRunner.privateRun(TestRunner.java:806)
	at org.testng.TestRunner.run(TestRunner.java:601)
	at org.testng.SuiteRunner.runTest(SuiteRunner.java:433)
	at org.testng.SuiteRunner.runSequentially(SuiteRunner.java:427)
	at org.testng.SuiteRunner.privateRun(SuiteRunner.java:387)
	at org.testng.SuiteRunner.run(SuiteRunner.java:330)
	at org.testng.SuiteRunnerWorker.runSuite(SuiteRunnerWorker.java:52)
	at org.testng.SuiteRunnerWorker.run(SuiteRunnerWorker.java:95)
	at org.testng.TestNG.runSuitesSequentially(TestNG.java:1256)
	at org.testng.TestNG.runSuitesLocally(TestNG.java:1176)
	at org.testng.TestNG.runSuites(TestNG.java:1099)
	at org.testng.TestNG.run(TestNG.java:1067)
	at org.testng.remote.AbstractRemoteTestNG.run(AbstractRemoteTestNG.java:115)
	at org.testng.remote.RemoteTestNG.initAndRun(RemoteTestNG.java:251)
	at org.testng.remote.RemoteTestNG.main(RemoteTestNG.java:77)
</pre></div><a href='#' onClick='toggleBox("stack-trace182124057", this, "Click to show all stack frames", "Click to hide stack frames")'>Click to show all stack frames</a>
<div class='stack-trace' id='stack-trace182124057'><pre>java.lang.IllegalArgumentException: Order may not be booked successfully please check again
	at dev.failsafe.internal.util.Assert.isTrue(Assert.java:29)
	at tests.CheckOutTests.clickConfirmToOnTheOrderDetails(CheckOutTests.java:49)
	at java.base/jdk.internal.reflect.NativeMethodAccessorImpl.invoke0(Native Method)
	at java.base/jdk.internal.reflect.NativeMethodAccessorImpl.invoke(NativeMethodAccessorImpl.java:77)
	at java.base/jdk.internal.reflect.DelegatingMethodAccessorImpl.invoke(DelegatingMethodAccessorImpl.java:43)
	at java.base/java.lang.reflect.Method.invoke(Method.java:568)
	at org.testng.internal.invokers.MethodInvocationHelper.invokeMethod(MethodInvocationHelper.java:139)
	at org.testng.internal.invokers.TestInvoker.invokeMethod(TestInvoker.java:677)
	at org.testng.internal.invokers.TestInvoker.invokeTestMethod(TestInvoker.java:221)
	at org.testng.internal.invokers.MethodRunner.runInSequence(MethodRunner.java:50)
	at org.testng.internal.invokers.TestInvoker$MethodInvocationAgent.invoke(TestInvoker.java:962)
	at org.testng.internal.invokers.TestInvoker.invokeTestMethods(TestInvoker.java:194)
	at org.testng.internal.invokers.TestMethodWorker.invokeTestMethods(TestMethodWorker.java:148)
	at org.testng.internal.invokers.TestMethodWorker.run(TestMethodWorker.java:128)
	at java.base/java.util.ArrayList.forEach(ArrayList.java:1511)
	at org.testng.TestRunner.privateRun(TestRunner.java:806)
	at org.testng.TestRunner.run(TestRunner.java:601)
	at org.testng.SuiteRunner.runTest(SuiteRunner.java:433)
	at org.testng.SuiteRunner.runSequentially(SuiteRunner.java:427)
	at org.testng.SuiteRunner.privateRun(SuiteRunner.java:387)
	at org.testng.SuiteRunner.run(SuiteRunner.java:330)
	at org.testng.SuiteRunnerWorker.runSuite(SuiteRunnerWorker.java:52)
	at org.testng.SuiteRunnerWorker.run(SuiteRunnerWorker.java:95)
	at org.testng.TestNG.runSuitesSequentially(TestNG.java:1256)
	at org.testng.TestNG.runSuitesLocally(TestNG.java:1176)
	at org.testng.TestNG.runSuites(TestNG.java:1099)
	at org.testng.TestNG.run(TestNG.java:1067)
	at org.testng.remote.AbstractRemoteTestNG.run(AbstractRemoteTestNG.java:115)
	at org.testng.remote.RemoteTestNG.initAndRun(RemoteTestNG.java:251)
	at org.testng.remote.RemoteTestNG.main(RemoteTestNG.java:77)
</pre></div></td>
<td>0</td>
<td>tests.CheckOutTests@65cc8228</td></tr>
</table><p>
<table width='100%' border='1' class='invocation-passed'>
<tr><td colspan='4' align='center'><b>PASSED TESTS</b></td></tr>
<tr><td><b>Test method</b></td>
<td><b>Attribute(s)</b></td>
<td width="30%"><b>Exception</b></td>
<td width="10%"><b>Time (seconds)</b></td>
<td><b>Instance</b></td>
</tr>
<tr>
<td title='tests.ShoppingCartTests.AgreeToTermsOfService()'><b>AgreeToTermsOfService</b><br>Test class: tests.ShoppingCartTests</td>
<td></td>
<td>0</td>
<td>tests.ShoppingCartTests@2d195ee4</td></tr>
<tr>
<td title='tests.CheckOutTests.fill_the_billingAddress()'><b>fill_the_billingAddress</b><br>Test class: tests.CheckOutTests</td>
<td></td>
<td>1</td>
<td>tests.CheckOutTests@65cc8228</td></tr>
<tr>
<td title='tests.ShoppingCartTests.ClickCheckOut()'><b>ClickCheckOut</b><br>Test class: tests.ShoppingCartTests</td>
<td></td>
<td>1</td>
<td>tests.ShoppingCartTests@2d195ee4</td></tr>
<tr>
<td title='tests.HomeRegisteredTests.searchingforproduct()'><b>searchingforproduct</b><br>Test class: tests.HomeRegisteredTests</td>
<td></td>
<td>1</td>
<td>tests.HomeRegisteredTests@4443ef6f</td></tr>
<tr>
<td title='tests.RegisterationTests.selectBirthdaysBirthmonthBirthyear()'><b>selectBirthdaysBirthmonthBirthyear</b><br>Test class: tests.RegisterationTests</td>
<td></td>
<td>0</td>
<td>tests.RegisterationTests@23ee75c5</td></tr>
<tr>
<td title='tests.RegisterationTests.fillthecompanyname()'><b>fillthecompanyname</b><br>Test class: tests.RegisterationTests</td>
<td></td>
<td>0</td>
<td>tests.RegisterationTests@23ee75c5</td></tr>
<tr>
<td title='tests.RegisterationTests.fillPasswordandConfirm_password()'><b>fillPasswordandConfirm_password</b><br>Test class: tests.RegisterationTests</td>
<td></td>
<td>0</td>
<td>tests.RegisterationTests@23ee75c5</td></tr>
<tr>
<td title='tests.HomeTests.clickregister()'><b>clickregister</b><br>Test class: tests.HomeTests</td>
<td></td>
<td>1</td>
<td>tests.HomeTests@551de37d</td></tr>
<tr>
<td title='tests.CheckOutTests.selectTheShippingMethod()'><b>selectTheShippingMethod</b><br>Test class: tests.CheckOutTests</td>
<td></td>
<td>0</td>
<td>tests.CheckOutTests@65cc8228</td></tr>
<tr>
<td title='tests.RegisterationTests.UserChooseGender()'><b>UserChooseGender</b><br>Test class: tests.RegisterationTests</td>
<td></td>
<td>0</td>
<td>tests.RegisterationTests@23ee75c5</td></tr>
<tr>
<td title='tests.RegisterationTests.clickontheregisterbutton()'><b>clickontheregisterbutton</b><br>Test class: tests.RegisterationTests</td>
<td></td>
<td>1</td>
<td>tests.RegisterationTests@23ee75c5</td></tr>
<tr>
<td title='tests.CheckOutTests.selectThePaymentMethodAndContinue()'><b>selectThePaymentMethodAndContinue</b><br>Test class: tests.CheckOutTests</td>
<td></td>
<td>0</td>
<td>tests.CheckOutTests@65cc8228</td></tr>
<tr>
<td title='tests.SearchResultsTests.OpenCart()'><b>OpenCart</b><br>Test class: tests.SearchResultsTests</td>
<td></td>
<td>4</td>
<td>tests.SearchResultsTests@79a1728c</td></tr>
<tr>
<td title='tests.SearchResultsTests.AddProductToCart()'><b>AddProductToCart</b><br>Test class: tests.SearchResultsTests</td>
<td></td>
<td>1</td>
<td>tests.SearchResultsTests@79a1728c</td></tr>
<tr>
<td title='tests.HomeTests.Registeration()'><b>Registeration</b><br>Test class: tests.HomeTests</td>
<td></td>
<td>7</td>
<td>tests.HomeTests@551de37d</td></tr>
<tr>
<td title='tests.RegisterationTests.fillemailaddress()'><b>fillemailaddress</b><br>Test class: tests.RegisterationTests</td>
<td></td>
<td>0</td>
<td>tests.RegisterationTests@23ee75c5</td></tr>
<tr>
<td title='tests.RegisterationTests.fillFirstnam_lastName()'><b>fillFirstnam_lastName</b><br>Test class: tests.RegisterationTests</td>
<td></td>
<td>0</td>
<td>tests.RegisterationTests@23ee75c5</td></tr>
</table><p>
</body>
</html>