<?xml version="1.0" encoding="UTF-8"?>
<!-- Generated by org.testng.reporters.JUnitXMLReporter -->
<testsuite ignored="47" hostname="DESKTOP-U3SLV3D" failures="1" tests="18" name="Default test" time="17.889" errors="0" timestamp="2022-11-27T17:41:36 EET">
  <testcase classname="tests.HomeTests" name="Registeration" time="6.524"/>
  <testcase classname="tests.HomeTests" name="clickregister" time="1.237"/>
  <testcase classname="tests.RegisterationTests" name="UserChooseGender" time="0.377"/>
  <testcase classname="tests.RegisterationTests" name="fillFirstnam_lastName" time="0.466"/>
  <testcase classname="tests.RegisterationTests" name="selectBirthdaysBirthmonthBirthyear" time="0.645"/>
  <testcase classname="tests.RegisterationTests" name="fillemailaddress" time="0.358"/>
  <testcase classname="tests.RegisterationTests" name="fillthecompanyname" time="0.307"/>
  <testcase classname="tests.RegisterationTests" name="fillPasswordandConfirm_password" time="0.465"/>
  <testcase classname="tests.RegisterationTests" name="clickontheregisterbutton" time="1.597"/>
  <testcase classname="tests.HomeRegisteredTests" name="searchingforproduct" time="0.898"/>
  <testcase classname="tests.SearchResultsTests" name="AddProductToCart" time="0.143"/>
  <testcase classname="tests.SearchResultsTests" name="OpenCart" time="0.736"/>
  <testcase classname="tests.ShoppingCartTests" name="AgreeToTermsOfService" time="0.136"/>
  <testcase classname="tests.ShoppingCartTests" name="ClickCheckOut" time="1.285"/>
  <testcase classname="tests.CheckOutTests" name="fill_the_billingAddress" time="1.001"/>
  <testcase classname="tests.CheckOutTests" name="selectTheShippingMethod" time="0.474"/>
  <testcase classname="tests.CheckOutTests" name="selectThePaymentMethodAndContinue" time="0.714"/>
  <testcase classname="tests.CheckOutTests" name="clickConfirmToOnTheOrderDetails" time="0.332">
    <failure type="java.lang.IllegalArgumentException" message="Order was not booked successfully please check again">
      <![CDATA[java.lang.IllegalArgumentException: Order was not booked successfully please check again
at dev.failsafe.internal.util.Assert.isTrue(Assert.java:29)
at tests.CheckOutTests.clickConfirmToOnTheOrderDetails(CheckOutTests.java:42)
at java.base/jdk.internal.reflect.NativeMethodAccessorImpl.invoke0(Native Method)
at java.base/jdk.internal.reflect.NativeMethodAccessorImpl.invoke(NativeMethodAccessorImpl.java:77)
at java.base/jdk.internal.reflect.DelegatingMethodAccessorImpl.invoke(DelegatingMethodAccessorImpl.java:43)
at java.base/java.lang.reflect.Method.invoke(Method.java:568)
at org.testng.internal.invokers.MethodInvocationHelper.invokeMethod(MethodInvocationHelper.java:139)
at org.testng.internal.invokers.TestInvoker.invokeMethod(TestInvoker.java:677)
at org.testng.internal.invokers.TestInvoker.invokeTestMethod(TestInvoker.java:221)
at org.testng.internal.invokers.MethodRunner.runInSequence(MethodRunner.java:50)
at org.testng.internal.invokers.TestInvoker$MethodInvocationAgent.invoke(TestInvoker.java:962)
at org.testng.internal.invokers.TestInvoker.invokeTestMethods(TestInvoker.java:194)
at org.testng.internal.invokers.TestMethodWorker.invokeTestMethods(TestMethodWorker.java:148)
at org.testng.internal.invokers.TestMethodWorker.run(TestMethodWorker.java:128)
at java.base/java.util.ArrayList.forEach(ArrayList.java:1511)
at org.testng.TestRunner.privateRun(TestRunner.java:806)
at org.testng.TestRunner.run(TestRunner.java:601)
at org.testng.SuiteRunner.runTest(SuiteRunner.java:433)
at org.testng.SuiteRunner.runSequentially(SuiteRunner.java:427)
at org.testng.SuiteRunner.privateRun(SuiteRunner.java:387)
at org.testng.SuiteRunner.run(SuiteRunner.java:330)
at org.testng.SuiteRunnerWorker.runSuite(SuiteRunnerWorker.java:52)
at org.testng.SuiteRunnerWorker.run(SuiteRunnerWorker.java:95)
at org.testng.TestNG.runSuitesSequentially(TestNG.java:1256)
at org.testng.TestNG.runSuitesLocally(TestNG.java:1176)
at org.testng.TestNG.runSuites(TestNG.java:1099)
at org.testng.TestNG.run(TestNG.java:1067)
at org.testng.remote.AbstractRemoteTestNG.run(AbstractRemoteTestNG.java:115)
at org.testng.remote.RemoteTestNG.initAndRun(RemoteTestNG.java:251)
at org.testng.remote.RemoteTestNG.main(RemoteTestNG.java:77)
]]>
    </failure>
  </testcase> <!-- clickConfirmToOnTheOrderDetails -->
  <testcase classname="tests.RegisterationTests" name="UserChooseGender" time="0.0">
    <ignored/>
  </testcase> <!-- UserChooseGender -->
  <testcase classname="tests.RegisterationTests" name="fillFirstnam_lastName" time="0.0">
    <ignored/>
  </testcase> <!-- fillFirstnam_lastName -->
  <testcase classname="tests.RegisterationTests" name="clickontheregisterbutton" time="0.0">
    <ignored/>
  </testcase> <!-- clickontheregisterbutton -->
  <testcase classname="tests.RegisterationTests" name="selectBirthdaysBirthmonthBirthyear" time="0.0">
    <ignored/>
  </testcase> <!-- selectBirthdaysBirthmonthBirthyear -->
  <testcase classname="tests.RegisterationTests" name="selectBirthdaysBirthmonthBirthyear" time="0.0">
    <ignored/>
  </testcase> <!-- selectBirthdaysBirthmonthBirthyear -->
  <testcase classname="tests.HomeTests" name="Registeration" time="0.0">
    <ignored/>
  </testcase> <!-- Registeration -->
  <testcase classname="tests.HomeRegisteredTests" name="searchingforproduct" time="0.0">
    <ignored/>
  </testcase> <!-- searchingforproduct -->
  <testcase classname="tests.RegisterationTests" name="selectBirthdaysBirthmonthBirthyear" time="0.0">
    <ignored/>
  </testcase> <!-- selectBirthdaysBirthmonthBirthyear -->
  <testcase classname="tests.RegisterationTests" name="UserChooseGender" time="0.0">
    <ignored/>
  </testcase> <!-- UserChooseGender -->
  <testcase classname="tests.RegisterationTests" name="fillFirstnam_lastName" time="0.0">
    <ignored/>
  </testcase> <!-- fillFirstnam_lastName -->
  <testcase classname="tests.HomeRegisteredTests" name="searchingforproduct" time="0.0">
    <ignored/>
  </testcase> <!-- searchingforproduct -->
  <testcase classname="tests.RegisterationTests" name="UserChooseGender" time="0.0">
    <ignored/>
  </testcase> <!-- UserChooseGender -->
  <testcase classname="tests.RegisterationTests" name="fillthecompanyname" time="0.0">
    <ignored/>
  </testcase> <!-- fillthecompanyname -->
  <testcase classname="tests.RegisterationTests" name="fillthecompanyname" time="0.0">
    <ignored/>
  </testcase> <!-- fillthecompanyname -->
  <testcase classname="tests.RegisterationTests" name="clickontheregisterbutton" time="0.0">
    <ignored/>
  </testcase> <!-- clickontheregisterbutton -->
  <testcase classname="tests.ShoppingCartTests" name="AgreeToTermsOfService" time="0.0">
    <ignored/>
  </testcase> <!-- AgreeToTermsOfService -->
  <testcase classname="tests.RegisterationTests" name="clickontheregisterbutton" time="0.0">
    <ignored/>
  </testcase> <!-- clickontheregisterbutton -->
  <testcase classname="tests.HomeTests" name="clickregister" time="0.0">
    <ignored/>
  </testcase> <!-- clickregister -->
  <testcase classname="tests.RegisterationTests" name="UserChooseGender" time="0.0">
    <ignored/>
  </testcase> <!-- UserChooseGender -->
  <testcase classname="tests.RegisterationTests" name="fillemailaddress" time="0.0">
    <ignored/>
  </testcase> <!-- fillemailaddress -->
  <testcase classname="tests.RegisterationTests" name="fillemailaddress" time="0.0">
    <ignored/>
  </testcase> <!-- fillemailaddress -->
  <testcase classname="tests.RegisterationTests" name="fillthecompanyname" time="0.0">
    <ignored/>
  </testcase> <!-- fillthecompanyname -->
  <testcase classname="tests.RegisterationTests" name="fillemailaddress" time="0.0">
    <ignored/>
  </testcase> <!-- fillemailaddress -->
  <testcase classname="tests.HomeRegisteredTests" name="searchingforproduct" time="0.0">
    <ignored/>
  </testcase> <!-- searchingforproduct -->
  <testcase classname="tests.HomeTests" name="clickregister" time="0.0">
    <ignored/>
  </testcase> <!-- clickregister -->
  <testcase classname="tests.RegisterationTests" name="fillthecompanyname" time="0.0">
    <ignored/>
  </testcase> <!-- fillthecompanyname -->
  <testcase classname="tests.SearchResultsTests" name="OpenCart" time="0.0">
    <ignored/>
  </testcase> <!-- OpenCart -->
  <testcase classname="tests.HomeTests" name="Registeration" time="0.0">
    <ignored/>
  </testcase> <!-- Registeration -->
  <testcase classname="tests.HomeTests" name="Registeration" time="0.0">
    <ignored/>
  </testcase> <!-- Registeration -->
  <testcase classname="tests.RegisterationTests" name="fillPasswordandConfirm_password" time="0.0">
    <ignored/>
  </testcase> <!-- fillPasswordandConfirm_password -->
  <testcase classname="tests.HomeTests" name="clickregister" time="0.0">
    <ignored/>
  </testcase> <!-- clickregister -->
  <testcase classname="tests.RegisterationTests" name="fillemailaddress" time="0.0">
    <ignored/>
  </testcase> <!-- fillemailaddress -->
  <testcase classname="tests.RegisterationTests" name="fillPasswordandConfirm_password" time="0.0">
    <ignored/>
  </testcase> <!-- fillPasswordandConfirm_password -->
  <testcase classname="tests.ShoppingCartTests" name="ClickCheckOut" time="0.0">
    <ignored/>
  </testcase> <!-- ClickCheckOut -->
  <testcase classname="tests.SearchResultsTests" name="OpenCart" time="0.0">
    <ignored/>
  </testcase> <!-- OpenCart -->
  <testcase classname="tests.HomeTests" name="Registeration" time="0.0">
    <ignored/>
  </testcase> <!-- Registeration -->
  <testcase classname="tests.HomeTests" name="Registeration" time="0.0">
    <ignored/>
  </testcase> <!-- Registeration -->
  <testcase classname="tests.RegisterationTests" name="fillFirstnam_lastName" time="0.0">
    <ignored/>
  </testcase> <!-- fillFirstnam_lastName -->
  <testcase classname="tests.RegisterationTests" name="selectBirthdaysBirthmonthBirthyear" time="0.0">
    <ignored/>
  </testcase> <!-- selectBirthdaysBirthmonthBirthyear -->
  <testcase classname="tests.SearchResultsTests" name="AddProductToCart" time="0.0">
    <ignored/>
  </testcase> <!-- AddProductToCart -->
  <testcase classname="tests.RegisterationTests" name="fillPasswordandConfirm_password" time="0.0">
    <ignored/>
  </testcase> <!-- fillPasswordandConfirm_password -->
  <testcase classname="tests.RegisterationTests" name="clickontheregisterbutton" time="0.0">
    <ignored/>
  </testcase> <!-- clickontheregisterbutton -->
  <testcase classname="tests.HomeTests" name="clickregister" time="0.0">
    <ignored/>
  </testcase> <!-- clickregister -->
  <testcase classname="tests.SearchResultsTests" name="AddProductToCart" time="0.0">
    <ignored/>
  </testcase> <!-- AddProductToCart -->
  <testcase classname="tests.RegisterationTests" name="fillPasswordandConfirm_password" time="0.0">
    <ignored/>
  </testcase> <!-- fillPasswordandConfirm_password -->
  <testcase classname="tests.HomeTests" name="clickregister" time="0.0">
    <ignored/>
  </testcase> <!-- clickregister -->
  <testcase classname="tests.RegisterationTests" name="fillFirstnam_lastName" time="0.0">
    <ignored/>
  </testcase> <!-- fillFirstnam_lastName -->
</testsuite> <!-- Default test -->
